 Process in group number            1
 A PDF is used, so alpha_s(MZ) is going to be modified
 Old value of alpha_s from param_card:   0.13000000000000003     
  ****************************************
 
       NNPDFDriver version 1.0.3
   Grid: NNPDF23_lo_as_0130_qed_mem0.grid
  ****************************************
 New value of alpha_s from PDF nn23lo1:  0.13000000000000000     
 Define smin to   88273.288449404092     
 *****************************************************
 *               MadGraph/MadEvent                   *
 *        --------------------------------           *
 *          http://madgraph.hep.uiuc.edu             *
 *          http://madgraph.phys.ucl.ac.be           *
 *          http://madgraph.roma2.infn.it            *
 *        --------------------------------           *
 *                                                   *
 *          PARAMETER AND COUPLING VALUES            *
 *                                                   *
 *****************************************************

  External Params
  ---------------------------------
  
 mdl_cabi =   0.22773599999999999     
 mdl_MD =    5.0400000000000002E-003
 mdl_MU =    2.5500000000000002E-003
 mdl_MS =   0.10100000000000001     
 mdl_MC =    1.2700000000000000     
 mdl_MB =    4.7000000000000002     
 mdl_MT =    172.00000000000000     
 mdl_Me =    5.1099999999999995E-004
 mdl_MMU =   0.10566000000000000     
 mdl_MTA =    1.7769999999999999     
 mdl_MZ =    91.187600000000003     
 mdl_MH =    125.00000000000000     
 mdl_ReXLut =    1.0000000000000000E-002
 mdl_ImXLut =    0.0000000000000000     
 mdl_ReXRut =    1.0000000000000000E-002
 mdl_ImXRut =    0.0000000000000000     
 mdl_ReXLct =    1.0000000000000000E-002
 mdl_ImXLct =    0.0000000000000000     
 mdl_ReXRct =    1.0000000000000000E-002
 mdl_ImXRct =    0.0000000000000000     
 mdl_ReKLut =    1.0000000000000000E-002
 mdl_ImKLut =    0.0000000000000000     
 mdl_ReKRut =    1.0000000000000000E-002
 mdl_ImKRut =    0.0000000000000000     
 mdl_ReKLct =    1.0000000000000000E-002
 mdl_ImKLct =    0.0000000000000000     
 mdl_ReKRct =    1.0000000000000000E-002
 mdl_ImKRct =    0.0000000000000000     
 mdl_ReZetaLut =    1.0000000000000000E-002
 mdl_ImZetaLut =    0.0000000000000000     
 mdl_ReZetaRut =    1.0000000000000000E-002
 mdl_ImZetaRut =    0.0000000000000000     
 mdl_ReZetaLct =    1.0000000000000000E-002
 mdl_ImZetaLct =    0.0000000000000000     
 mdl_ReZetaRct =    1.0000000000000000E-002
 mdl_ImZetaRct =    0.0000000000000000     
 mdl_ReEtaLut =    1.0000000000000000E-002
 mdl_ImEtaLut =    0.0000000000000000     
 mdl_ReEtaRut =    1.0000000000000000E-002
 mdl_ImEtaRut =    0.0000000000000000     
 mdl_ReEtaLct =    1.0000000000000000E-002
 mdl_ImEtaLct =    0.0000000000000000     
 mdl_ReEtaRct =    1.0000000000000000E-002
 mdl_ImEtaRct =    0.0000000000000000     
 mdl_ReLambdaLut =    1.0000000000000000E-002
 mdl_ImLambdaLut =    0.0000000000000000     
 mdl_ReLambdaRut =    1.0000000000000000E-002
 mdl_ImLambdaRut =    0.0000000000000000     
 mdl_ReLambdaLct =    1.0000000000000000E-002
 mdl_ImLambdaLct =    0.0000000000000000     
 mdl_ReLambdaRct =    1.0000000000000000E-002
 mdl_ImLambdaRct =    0.0000000000000000     
 aEWM1 =    127.90000000000001     
 mdl_Gf =    1.1663700000000000E-005
 aS =   0.13000000000000003     
 mdl_ymdo =    5.0400000000000002E-003
 mdl_ymup =    2.5500000000000002E-003
 mdl_yms =   0.10100000000000001     
 mdl_ymc =    1.2700000000000000     
 mdl_ymb =    4.7000000000000002     
 mdl_ymt =    172.00000000000000     
 mdl_yme =    5.1099999999999995E-004
 mdl_ymm =   0.10566000000000000     
 mdl_ymtau =    1.7769999999999999     
 mdl_WT =    1.5083359999999999     
 mdl_WZ =    2.4952000000000001     
 mdl_WW =    2.0850000000000000     
 mdl_WH =    4.0699999999999998E-003
  Internal Params
  ---------------------------------
  
 mdl_cos__cabi =   0.97418004031982097     
 mdl_CKM1x1 =               (0.97418004031982097,0.0000000000000000)
 mdl_sin__cabi =   0.22577256042856930     
 mdl_CKM1x2 =               (0.22577256042856930,0.0000000000000000)
 mdl_CKM1x3 =                (0.0000000000000000,0.0000000000000000)
 mdl_CKM2x1 =              (-0.22577256042856930,0.0000000000000000)
 mdl_CKM2x2 =               (0.97418004031982097,0.0000000000000000)
 mdl_CKM2x3 =                (0.0000000000000000,0.0000000000000000)
 mdl_CKM3x1 =                (0.0000000000000000,0.0000000000000000)
 mdl_CKM3x2 =                (0.0000000000000000,0.0000000000000000)
 mdl_CKM3x3 =                (1.0000000000000000,0.0000000000000000)
 mdl_MZ__exp__2 =    8315.1783937600012     
 mdl_MZ__exp__4 =    69142191.720053151     
 mdl_sqrt__2 =    1.4142135623730951     
 mdl_MH__exp__2 =    15625.000000000000     
 mdl_complexi =                (0.0000000000000000,1.0000000000000000)
 mdl_conjg__CKM1x1 =              (0.97418004031982097,-0.0000000000000000)
 mdl_conjg__CKM1x2 =              (0.22577256042856930,-0.0000000000000000)
 mdl_conjg__CKM1x3 =               (0.0000000000000000,-0.0000000000000000)
 mdl_conjg__CKM2x1 =             (-0.22577256042856930,-0.0000000000000000)
 mdl_conjg__CKM2x2 =              (0.97418004031982097,-0.0000000000000000)
 mdl_conjg__CKM2x3 =               (0.0000000000000000,-0.0000000000000000)
 mdl_conjg__CKM3x1 =               (0.0000000000000000,-0.0000000000000000)
 mdl_conjg__CKM3x2 =               (0.0000000000000000,-0.0000000000000000)
 mdl_conjg__CKM3x3 =               (1.0000000000000000,-0.0000000000000000)
 mdl_aEW =    7.8186082877247844E-003
 mdl_MW =    79.824359746197842     
 mdl_sqrt__aEW =    8.8422894590285753E-002
 mdl_ee =   0.31345100004952897     
 mdl_MW__exp__2 =    6371.9284088904105     
 mdl_sw2 =   0.23369913342182447     
 mdl_cw =   0.87538612427783857     
 mdl_sqrt__sw2 =   0.48342438232036300     
 mdl_sw =   0.48342438232036300     
 mdl_g1 =   0.35807170271074895     
 mdl_gw =   0.64839716719502682     
 mdl_vev =    246.22056907348590     
 mdl_vev__exp__2 =    60624.568634871241     
 mdl_lam =   0.12886689630821144     
 mdl_yb =    2.6995322804122722E-002
 mdl_yc =    7.2944808428161397E-003
 mdl_ydo =    2.8948175943144366E-005
 mdl_ye =    2.9350233942354699E-006
 mdl_ym =    6.0687783137949077E-004
 mdl_ys =    5.8011225600348830E-004
 mdl_yt =   0.98791394091683138     
 mdl_ytau =    1.0206529494239589E-002
 mdl_yup =    1.4646398542662327E-005
 mdl_muH =    88.388347648318444     
 mdl_ee__exp__2 =    9.8251529432049817E-002
 mdl_sw__exp__2 =   0.23369913342182450     
 mdl_cw__exp__2 =   0.76630086657817542     
  Internal Params evaluated point by point
  ----------------------------------------
  
 mdl_sqrt__aS =   0.36055512754639896     
 mdl_G__exp__2 =    1.6336281798666927     
  Couplings of topFCNC_UFO
  ---------------------------------
  
         GC_7 =   0.00000E+00   0.12781E+01
        GC_27 =   0.00000E+00   0.74310E-04
        GC_29 =   0.00000E+00   0.74310E-04
        GC_31 =   0.00000E+00   0.74310E-04
        GC_33 =   0.00000E+00   0.74310E-04
         GC_2 =   0.00000E+00   0.20897E+00
         GC_3 =  -0.00000E+00  -0.31345E+00
        GC_19 =   0.00000E+00   0.91119E-05
        GC_21 =   0.00000E+00   0.91119E-05
        GC_23 =   0.00000E+00   0.91119E-05
        GC_25 =   0.00000E+00   0.91119E-05
        GC_34 =   0.00000E+00   0.20307E-04
        GC_36 =   0.00000E+00   0.20307E-04
        GC_38 =   0.00000E+00   0.20307E-04
        GC_40 =   0.00000E+00   0.20307E-04
        GC_41 =  -0.00000E+00  -0.37035E-02
        GC_43 =  -0.00000E+00  -0.37035E-02
        GC_45 =  -0.00000E+00  -0.37035E-02
        GC_47 =  -0.00000E+00  -0.37035E-02
        GC_62 =  -0.00000E+00  -0.28380E+00
        GC_63 =   0.00000E+00   0.28380E+00
        GC_68 =  -0.00000E+00  -0.28850E-01
        GC_69 =   0.00000E+00   0.86550E-01
        GC_72 =  -0.00000E+00  -0.19038E+03
        GC_74 =   0.00000E+00   0.67543E+02
        GC_76 =  -0.00000E+00  -0.51580E-02
        GC_79 =  -0.00000E+00  -0.42913E-03
        GC_81 =  -0.00000E+00  -0.69856E+00
        GC_83 =  -0.00000E+00  -0.10357E-04
        GC_10 =  -0.00000E+00  -0.70711E-02
        GC_12 =  -0.00000E+00  -0.70711E-02
        GC_14 =  -0.00000E+00  -0.70711E-02
        GC_16 =  -0.00000E+00  -0.70711E-02

 Collider parameters:
 --------------------

 Running at P e   machine @    3741.6573867739412       GeV
 PDF set = nn23lo1
 alpha_s(Mz)= 0.1300 running at 2 loops.
 alpha_s(Mz)= 0.1300 running at 2 loops.
 Renormalization scale set on event-by-event basis
 Factorization   scale set on event-by-event basis


 getting user params
Enter number of events and max and min iterations: 
 Number of events and iterations         1000           5           3
Enter desired fractional accuracy: 
 Desired fractional accuracy:   0.10000000000000001     
Enter 0 for fixed, 2 for adjustable grid: 
Suppress amplitude (0 no, 1 yes)? 
 Using suppressed amplitude.
Exact helicity sum (0 yes, n = number/event)? 
 Explicitly summing over helicities
Enter Configuration Number: 
Running Configuration Number:   14
 Not subdividing B.W.
 Attempting mappinvarients           1           6
 Determine nb_t
 T-channel found:            3
 Completed mapping           6
 about to integrate            9        1000           7           3           9           1
 Using non-zero grid deformation.
  9 dimensions   1000 events  9 invarients  7 iterations  1 config(s),  (0.99)
 Using h-tuple random number sequence.
 Error opening grid
 Using Uniform Grid!          24
 Using uniform alpha   1.0000000000000000     
 Grid defined OK
 Masses: 0.000E+00 0.106E+00 0.106E+00 0.172E+03 0.125E+03 0.255E-02
 Set CM energy to       3741.66
 Mapping Graph          14  to config          14
 Determine nb_t
 T-channel found:            3
Setting grid   1    0.17857E-05   1
Setting grid   2    0.17857E-05   1
Setting grid   3    0.11161E-02   1
 Transforming s_hat 1/s            9   6.7320711054966731E-003   88273.288449404092        14000000.671865538     
Using random seed offsets    14 :      1
  with seed                   24
 Ranmar initialization seeds       31072        9398
  Particle       3       4       5       6
      Et >     5.0     0.0     0.0     5.0
       E >     0.0     0.0     0.0     0.0
     Eta <     5.0    -1.0    -1.0     5.0
   xqcut:      0.0     0.0     0.0     0.0
d R # 3  >    -0.0     0.0     0.0    -1.0
d R # 4  >    -0.0    -0.0     0.0     0.0
d R # 5  >    -0.0    -0.0    -0.0     0.0
s min # 3>     0.0 29620.4 15651.4     0.0
s min # 4>     0.0     0.0 88209.0     0.0
s min # 5>     0.0     0.0     0.0     0.0
xqcutij # 3>     0.0     0.0     0.0     0.0
xqcutij # 4>     0.0     0.0     0.0     0.0
xqcutij # 5>     0.0     0.0     0.0     0.0
 No cut BW           -3           1
 
 ********************************************
 * You are using the DiscreteSampler module *
 *      part of the MG5_aMC framework       *
 *         Author: Valentin Hirschi         *
 ********************************************
 
 RESET CUMULATIVE VARIABLE
 Iteration  1   Mean: 0.4771E-06 Abs mean: 0.4771E-06   Fluctuation:  0.447E-07   0.271E-04    33.7%
  1    0.4771E-06 0.4771E-06 +- 0.4474E-07      2.97
 Writing out events   2.0248916789182835E-010   2.9657728583721723     
 Relative summed weights:
  0.1000E+01  0.0000E+00
 Relative number of events:
  0.1000E+01  0.0000E+00
 Events:
        1009           0
 Iteration  2   Mean: 0.4772E-06 Abs mean: 0.4772E-06   Fluctuation:  0.227E-07   0.115E-04    51.7%
  2    0.4772E-06 0.4772E-06 +- 0.2268E-07      2.13
 Relative summed weights:
  0.1000E+01  0.0000E+00
 Relative number of events:
  0.1000E+01  0.0000E+00
 Events:
        2000           0
 Iteration  3   Mean: 0.4951E-06 Abs mean: 0.4951E-06   Fluctuation:  0.152E-07   0.221E-04    52.2%
  3    0.4951E-06 0.4951E-06 +- 0.1521E-07      1.94
 Relative summed weights:
  0.1000E+01  0.0000E+00
 Relative number of events:
  0.1000E+01  0.0000E+00
 Events:
        4000           0
 Accuracy:    0.012   0.100   0.025   0.247
 Finished due to accuracy    1.2359584800843810E-002  0.10000000000000001     

 -------------------------------------------------------------------------------
 Accumulated results:   Integral =  0.4890E-06
                        Std dev  =  0.1216E-07
                       Cross sec =  0.4890E-06
             Chi**2 per DoF.     =      0.2468
 -------------------------------------------------------------------------------
 Found          726  events.
 Wrote          122  events.
 Actual xsec    4.8895206996370748E-007
 Correct abs xsec    4.8895206996370748E-007
 Event xsec    4.8895206996370642E-007
 Events wgts > 1:            3
 % Cross section > 1:    2.2907525785524502E-009  0.46850248097374586     
-------------------------------------------------
---------------------------
 Results Last   3 iters: Integral =   0.4890E-06
                     Abs integral =   0.4890E-06
                          Std dev =   0.1216E-07
                  Chi**2 per DoF. =      0.2528
-------------------------------------------------
---------------------------
 Status  0.10000000000000001                4           7

ls status:
events.lhe
ftn26
input_app.txt
results.dat
run1_app.log
