This is pdfTeX, Version 3.141592653-2.6-1.40.25 (TeX Live 2023/Debian) (preloaded format=pdflatex)
 restricted \write18 enabled.
entering extended mode
(./main.tex
LaTeX2e <2023-11-01> patch level 1
L3 programming layer <2024-01-22>
(/usr/share/texlive/texmf-dist/tex/latex/base/article.cls
Document Class: article 2023/05/17 v1.4n Standard LaTeX document class
(/usr/share/texlive/texmf-dist/tex/latex/base/size10.clo)) (./jheppub.sty
(/usr/share/texlive/texmf-dist/tex/latex/amsmath/amsmath.sty
For additional information on amsmath, use the `?' option.
(/usr/share/texlive/texmf-dist/tex/latex/amsmath/amstext.sty
(/usr/share/texlive/texmf-dist/tex/latex/amsmath/amsgen.sty))
(/usr/share/texlive/texmf-dist/tex/latex/amsmath/amsbsy.sty)
(/usr/share/texlive/texmf-dist/tex/latex/amsmath/amsopn.sty))
(/usr/share/texlive/texmf-dist/tex/latex/amsfonts/amssymb.sty
(/usr/share/texlive/texmf-dist/tex/latex/amsfonts/amsfonts.sty))
(/usr/share/texlive/texmf-dist/tex/latex/graphics/epsfig.sty
(/usr/share/texlive/texmf-dist/tex/latex/graphics/graphicx.sty
(/usr/share/texlive/texmf-dist/tex/latex/graphics/keyval.sty)
(/usr/share/texlive/texmf-dist/tex/latex/graphics/graphics.sty
(/usr/share/texlive/texmf-dist/tex/latex/graphics/trig.sty)
(/usr/share/texlive/texmf-dist/tex/latex/graphics-cfg/graphics.cfg)
(/usr/share/texlive/texmf-dist/tex/latex/graphics-def/pdftex.def))))
(/usr/share/texlive/texmf-dist/tex/latex/natbib/natbib.sty)
(/usr/share/texlive/texmf-dist/tex/latex/graphics/color.sty
(/usr/share/texlive/texmf-dist/tex/latex/graphics-cfg/color.cfg)
(/usr/share/texlive/texmf-dist/tex/latex/graphics/mathcolor.ltx))
(/usr/share/texlive/texmf-dist/tex/latex/hyperref/hyperref.sty
(/usr/share/texlive/texmf-dist/tex/generic/iftex/iftex.sty)
(/usr/share/texlive/texmf-dist/tex/latex/kvsetkeys/kvsetkeys.sty)
(/usr/share/texlive/texmf-dist/tex/generic/kvdefinekeys/kvdefinekeys.sty)
(/usr/share/texlive/texmf-dist/tex/generic/pdfescape/pdfescape.sty
(/usr/share/texlive/texmf-dist/tex/generic/ltxcmds/ltxcmds.sty)
(/usr/share/texlive/texmf-dist/tex/generic/pdftexcmds/pdftexcmds.sty
(/usr/share/texlive/texmf-dist/tex/generic/infwarerr/infwarerr.sty)))
(/usr/share/texlive/texmf-dist/tex/latex/hycolor/hycolor.sty)
(/usr/share/texlive/texmf-dist/tex/latex/auxhook/auxhook.sty)
(/usr/share/texlive/texmf-dist/tex/latex/hyperref/nameref.sty
(/usr/share/texlive/texmf-dist/tex/latex/refcount/refcount.sty)
(/usr/share/texlive/texmf-dist/tex/generic/gettitlestring/gettitlestring.sty
(/usr/share/texlive/texmf-dist/tex/latex/kvoptions/kvoptions.sty)))
(/usr/share/texlive/texmf-dist/tex/latex/etoolbox/etoolbox.sty)
(/usr/share/texlive/texmf-dist/tex/latex/hyperref/pd1enc.def)
(/usr/share/texlive/texmf-dist/tex/generic/intcalc/intcalc.sty)
(/usr/share/texlive/texmf-dist/tex/latex/hyperref/puenc.def)

Package hyperref Warning: Option `pagecolor' is not available anymore.

(/usr/share/texlive/texmf-dist/tex/latex/url/url.sty)
(/usr/share/texlive/texmf-dist/tex/generic/bitset/bitset.sty
(/usr/share/texlive/texmf-dist/tex/generic/bigintcalc/bigintcalc.sty))
(/usr/share/texlive/texmf-dist/tex/latex/base/atbegshi-ltx.sty))
(/usr/share/texlive/texmf-dist/tex/latex/hyperref/hpdftex.def
(/usr/share/texlive/texmf-dist/tex/latex/base/atveryend-ltx.sty)
(/usr/share/texlive/texmf-dist/tex/latex/rerunfilecheck/rerunfilecheck.sty
(/usr/share/texlive/texmf-dist/tex/generic/uniquecounter/uniquecounter.sty)))
(/usr/share/texlive/texmf-dist/tex/latex/psnfss/ot1phv.fd))
(/usr/share/texlive/texmf-dist/tex/latex/base/fontenc.sty)
(/usr/share/texlive/texmf-dist/tex/latex/colortbl/colortbl.sty
(/usr/share/texlive/texmf-dist/tex/latex/tools/array.sty))
(/usr/share/texlive/texmf-dist/tex/latex/xcolor/xcolor.sty
(/usr/share/texlive/texmf-dist/tex/latex/graphics-cfg/color.cfg)
(/usr/share/texlive/texmf-dist/tex/latex/graphics/mathcolor.ltx))
(/usr/share/texlive/texmf-dist/tex/latex/float/float.sty)
(/usr/share/texlive/texmf-dist/tex/latex/l3backend/l3backend-pdftex.def)
No file main.aux.
(/usr/share/texlive/texmf-dist/tex/context/base/mkii/supp-pdf.mkii
[Loading MPS to PDF converter (version 2006.09.02).]
) (/usr/share/texlive/texmf-dist/tex/latex/epstopdf-pkg/epstopdf-base.sty
(/usr/share/texlive/texmf-dist/tex/latex/latexconfig/epstopdf-sys.cfg))
(/usr/share/texlive/texmf-dist/tex/latex/base/t1cmss.fd)

Package JHEP Warning: E-mails are missing.
(JHEP)                Plese use \emailAdd macro to provide e-mails..

(/usr/share/texlive/texmf-dist/tex/latex/amsfonts/umsa.fd)
(/usr/share/texlive/texmf-dist/tex/latex/amsfonts/umsb.fd)
Underfull \hbox (badness 10000) in paragraph at lines 38--38


Underfull \hbox (badness 10000) in paragraph at lines 38--38


Underfull \hbox (badness 10000) in paragraph at lines 38--38


Underfull \hbox (badness 10000) in paragraph at lines 38--38


Underfull \hbox (badness 10000) in paragraph at lines 38--38

[0{/var/lib/texmf/fonts/map/pdftex/updmap/pdftex.map}{/usr/share/texmf/fonts/en
c/dvips/cm-super/cm-super-t1.enc} <./logo.png>]
No file main.toc.
[1] (/usr/share/texlive/texmf-dist/tex/latex/base/t1cmtt.fd)
Overfull \hbox (31.68082pt too wide) in paragraph at lines 50--119
\T1/cmtt/m/n/10 ma5>import /-home/-hamzeh-khanpour/-MG5_aMC_v3_6_6/-muLHC_DIS_t
qH_FCNC/-bin/-internal/-ufomodel 

Overfull \hbox (0.1885pt too wide) in paragraph at lines 50--119
\T1/cmtt/m/n/10 ma5>import /-home/-hamzeh-khanpour/-MG5_aMC_v3_6_6/-muLHC_DIS_t
qH_FCNC/-Events/-run_01/-

Overfull \hbox (73.67056pt too wide) in paragraph at lines 50--119
\T1/cmtt/m/n/10 ma5>submit /-home/-hamzeh-khanpour/-MG5_aMC_v3_6_6/-muLHC_DIS_t
qH_FCNC/-MA5_PARTON_ANALYSIS_analysis1 

Underfull \hbox (badness 10000) in paragraph at lines 50--119

[2{/usr/share/texmf/fonts/enc/dvips/cm-super/cm-super-ts1.enc}]
Underfull \hbox (badness 10000) in paragraph at lines 147--147
[]|\T1/cmr/m/n/10 muLHC_DIS_tqH_FCNC/-

Underfull \hbox (badness 10000) in paragraph at lines 147--147
\T1/cmr/m/n/10 Events/-run_01/-

Overfull \hbox (18.13213pt too wide) in paragraph at lines 143--150
 [] 
[3]
Overfull \hbox (55.33208pt too wide) in paragraph at lines 164--171
 [] 

Underfull \hbox (badness 10000) in paragraph at lines 161--172

[4]
Overfull \hbox (55.33208pt too wide) in paragraph at lines 180--187
 [] 

Underfull \hbox (badness 10000) in paragraph at lines 177--188

[5]
Overfull \hbox (55.33208pt too wide) in paragraph at lines 196--203
 [] 

Underfull \hbox (badness 10000) in paragraph at lines 193--204

[6]
Overfull \hbox (55.33208pt too wide) in paragraph at lines 212--219
 [] 

Underfull \hbox (badness 10000) in paragraph at lines 209--220

[7]
Overfull \hbox (55.33208pt too wide) in paragraph at lines 228--235
 [] 

Underfull \hbox (badness 10000) in paragraph at lines 225--236

[8]
Overfull \hbox (55.33208pt too wide) in paragraph at lines 244--251
 [] 

Underfull \hbox (badness 10000) in paragraph at lines 241--252

[9]
Overfull \hbox (55.33208pt too wide) in paragraph at lines 260--267
 [] 

Underfull \hbox (badness 10000) in paragraph at lines 257--268

[10]
Overfull \hbox (55.33208pt too wide) in paragraph at lines 276--283
 [] 

Underfull \hbox (badness 10000) in paragraph at lines 273--284

[11]
Overfull \hbox (55.33208pt too wide) in paragraph at lines 292--299
 [] 

Underfull \hbox (badness 10000) in paragraph at lines 289--300

[12]
Overfull \hbox (55.33208pt too wide) in paragraph at lines 308--315
 [] 

Underfull \hbox (badness 10000) in paragraph at lines 305--316

[13]
Overfull \hbox (55.33208pt too wide) in paragraph at lines 324--331
 [] 

Underfull \hbox (badness 10000) in paragraph at lines 321--332

[14]
Overfull \hbox (55.33208pt too wide) in paragraph at lines 340--347
 [] 

Underfull \hbox (badness 10000) in paragraph at lines 337--348

[15]
Overfull \hbox (55.33208pt too wide) in paragraph at lines 356--363
 [] 

Underfull \hbox (badness 10000) in paragraph at lines 353--364

[16]
Overfull \hbox (55.33208pt too wide) in paragraph at lines 372--379
 [] 

Underfull \hbox (badness 10000) in paragraph at lines 369--380

[17]
Overfull \hbox (55.33208pt too wide) in paragraph at lines 388--395
 [] 

Underfull \hbox (badness 10000) in paragraph at lines 385--396

[18]
Overfull \hbox (55.33208pt too wide) in paragraph at lines 404--411
 [] 

Underfull \hbox (badness 10000) in paragraph at lines 401--412

[19]
Overfull \hbox (55.33208pt too wide) in paragraph at lines 420--427
 [] 

Underfull \hbox (badness 10000) in paragraph at lines 417--428

[20]
Overfull \hbox (55.33208pt too wide) in paragraph at lines 436--443
 [] 

Underfull \hbox (badness 10000) in paragraph at lines 433--444

[21]
Overfull \hbox (55.33208pt too wide) in paragraph at lines 452--459
 [] 

Underfull \hbox (badness 10000) in paragraph at lines 449--460

[22]
Overfull \hbox (55.33208pt too wide) in paragraph at lines 468--475
 [] 

Underfull \hbox (badness 10000) in paragraph at lines 465--476

[23]
Overfull \hbox (55.33208pt too wide) in paragraph at lines 484--491
 [] 

Underfull \hbox (badness 10000) in paragraph at lines 481--492

[24]
Overfull \hbox (55.33208pt too wide) in paragraph at lines 500--507
 [] 

Underfull \hbox (badness 10000) in paragraph at lines 497--508

[25]
Overfull \hbox (55.33208pt too wide) in paragraph at lines 516--523
 [] 

Underfull \hbox (badness 10000) in paragraph at lines 513--524

[26]
Overfull \hbox (55.33208pt too wide) in paragraph at lines 532--539
 [] 

Underfull \hbox (badness 10000) in paragraph at lines 529--540

[27]
Overfull \hbox (55.33208pt too wide) in paragraph at lines 548--555
 [] 

Underfull \hbox (badness 10000) in paragraph at lines 545--556

[28]
Overfull \hbox (55.33208pt too wide) in paragraph at lines 564--571
 [] 

Underfull \hbox (badness 10000) in paragraph at lines 561--572

[29]
Overfull \hbox (55.33208pt too wide) in paragraph at lines 580--587
 [] 

Underfull \hbox (badness 10000) in paragraph at lines 577--588

[30]
Overfull \hbox (55.33208pt too wide) in paragraph at lines 596--603
 [] 

Underfull \hbox (badness 10000) in paragraph at lines 593--604

[31] (./main.aux)

Package rerunfilecheck Warning: File `main.out' has changed.
(rerunfilecheck)                Rerun to get outlines right
(rerunfilecheck)                or use package `bookmark'.

 )
(see the transcript file for additional information)</usr/share/texlive/texmf-d
ist/fonts/type1/public/amsfonts/cm/cmr7.pfb></usr/share/texlive/texmf-dist/font
s/type1/public/amsfonts/cm/cmsy7.pfb></usr/share/texmf/fonts/type1/public/cm-su
per/sfbx1000.pfb></usr/share/texmf/fonts/type1/public/cm-super/sfbx1200.pfb></u
sr/share/texmf/fonts/type1/public/cm-super/sfcc1000.pfb></usr/share/texmf/fonts
/type1/public/cm-super/sfrm1000.pfb></usr/share/texmf/fonts/type1/public/cm-sup
er/sfsx1000.pfb></usr/share/texmf/fonts/type1/public/cm-super/sfsx1728.pfb></us
r/share/texmf/fonts/type1/public/cm-super/sfti1000.pfb></usr/share/texmf/fonts/
type1/public/cm-super/sftt1000.pfb>
Output written on main.pdf (32 pages, 240041 bytes).
Transcript written on main.log.
This is pdfTeX, Version 3.141592653-2.6-1.40.25 (TeX Live 2023/Debian) (preloaded format=pdflatex)
 restricted \write18 enabled.
entering extended mode
(./main.tex
LaTeX2e <2023-11-01> patch level 1
L3 programming layer <2024-01-22>
(/usr/share/texlive/texmf-dist/tex/latex/base/article.cls
Document Class: article 2023/05/17 v1.4n Standard LaTeX document class
(/usr/share/texlive/texmf-dist/tex/latex/base/size10.clo)) (./jheppub.sty
(/usr/share/texlive/texmf-dist/tex/latex/amsmath/amsmath.sty
For additional information on amsmath, use the `?' option.
(/usr/share/texlive/texmf-dist/tex/latex/amsmath/amstext.sty
(/usr/share/texlive/texmf-dist/tex/latex/amsmath/amsgen.sty))
(/usr/share/texlive/texmf-dist/tex/latex/amsmath/amsbsy.sty)
(/usr/share/texlive/texmf-dist/tex/latex/amsmath/amsopn.sty))
(/usr/share/texlive/texmf-dist/tex/latex/amsfonts/amssymb.sty
(/usr/share/texlive/texmf-dist/tex/latex/amsfonts/amsfonts.sty))
(/usr/share/texlive/texmf-dist/tex/latex/graphics/epsfig.sty
(/usr/share/texlive/texmf-dist/tex/latex/graphics/graphicx.sty
(/usr/share/texlive/texmf-dist/tex/latex/graphics/keyval.sty)
(/usr/share/texlive/texmf-dist/tex/latex/graphics/graphics.sty
(/usr/share/texlive/texmf-dist/tex/latex/graphics/trig.sty)
(/usr/share/texlive/texmf-dist/tex/latex/graphics-cfg/graphics.cfg)
(/usr/share/texlive/texmf-dist/tex/latex/graphics-def/pdftex.def))))
(/usr/share/texlive/texmf-dist/tex/latex/natbib/natbib.sty)
(/usr/share/texlive/texmf-dist/tex/latex/graphics/color.sty
(/usr/share/texlive/texmf-dist/tex/latex/graphics-cfg/color.cfg)
(/usr/share/texlive/texmf-dist/tex/latex/graphics/mathcolor.ltx))
(/usr/share/texlive/texmf-dist/tex/latex/hyperref/hyperref.sty
(/usr/share/texlive/texmf-dist/tex/generic/iftex/iftex.sty)
(/usr/share/texlive/texmf-dist/tex/latex/kvsetkeys/kvsetkeys.sty)
(/usr/share/texlive/texmf-dist/tex/generic/kvdefinekeys/kvdefinekeys.sty)
(/usr/share/texlive/texmf-dist/tex/generic/pdfescape/pdfescape.sty
(/usr/share/texlive/texmf-dist/tex/generic/ltxcmds/ltxcmds.sty)
(/usr/share/texlive/texmf-dist/tex/generic/pdftexcmds/pdftexcmds.sty
(/usr/share/texlive/texmf-dist/tex/generic/infwarerr/infwarerr.sty)))
(/usr/share/texlive/texmf-dist/tex/latex/hycolor/hycolor.sty)
(/usr/share/texlive/texmf-dist/tex/latex/auxhook/auxhook.sty)
(/usr/share/texlive/texmf-dist/tex/latex/hyperref/nameref.sty
(/usr/share/texlive/texmf-dist/tex/latex/refcount/refcount.sty)
(/usr/share/texlive/texmf-dist/tex/generic/gettitlestring/gettitlestring.sty
(/usr/share/texlive/texmf-dist/tex/latex/kvoptions/kvoptions.sty)))
(/usr/share/texlive/texmf-dist/tex/latex/etoolbox/etoolbox.sty)
(/usr/share/texlive/texmf-dist/tex/latex/hyperref/pd1enc.def)
(/usr/share/texlive/texmf-dist/tex/generic/intcalc/intcalc.sty)
(/usr/share/texlive/texmf-dist/tex/latex/hyperref/puenc.def)

Package hyperref Warning: Option `pagecolor' is not available anymore.

(/usr/share/texlive/texmf-dist/tex/latex/url/url.sty)
(/usr/share/texlive/texmf-dist/tex/generic/bitset/bitset.sty
(/usr/share/texlive/texmf-dist/tex/generic/bigintcalc/bigintcalc.sty))
(/usr/share/texlive/texmf-dist/tex/latex/base/atbegshi-ltx.sty))
(/usr/share/texlive/texmf-dist/tex/latex/hyperref/hpdftex.def
(/usr/share/texlive/texmf-dist/tex/latex/base/atveryend-ltx.sty)
(/usr/share/texlive/texmf-dist/tex/latex/rerunfilecheck/rerunfilecheck.sty
(/usr/share/texlive/texmf-dist/tex/generic/uniquecounter/uniquecounter.sty)))
(/usr/share/texlive/texmf-dist/tex/latex/psnfss/ot1phv.fd))
(/usr/share/texlive/texmf-dist/tex/latex/base/fontenc.sty)
(/usr/share/texlive/texmf-dist/tex/latex/colortbl/colortbl.sty
(/usr/share/texlive/texmf-dist/tex/latex/tools/array.sty))
(/usr/share/texlive/texmf-dist/tex/latex/xcolor/xcolor.sty
(/usr/share/texlive/texmf-dist/tex/latex/graphics-cfg/color.cfg)
(/usr/share/texlive/texmf-dist/tex/latex/graphics/mathcolor.ltx))
(/usr/share/texlive/texmf-dist/tex/latex/float/float.sty)
(/usr/share/texlive/texmf-dist/tex/latex/l3backend/l3backend-pdftex.def)
(./main.aux) (/usr/share/texlive/texmf-dist/tex/context/base/mkii/supp-pdf.mkii

[Loading MPS to PDF converter (version 2006.09.02).]
) (/usr/share/texlive/texmf-dist/tex/latex/epstopdf-pkg/epstopdf-base.sty
(/usr/share/texlive/texmf-dist/tex/latex/latexconfig/epstopdf-sys.cfg))
(./main.out) (./main.out)
(/usr/share/texlive/texmf-dist/tex/latex/base/t1cmss.fd)

Package JHEP Warning: E-mails are missing.
(JHEP)                Plese use \emailAdd macro to provide e-mails..

(/usr/share/texlive/texmf-dist/tex/latex/amsfonts/umsa.fd)
(/usr/share/texlive/texmf-dist/tex/latex/amsfonts/umsb.fd)
Underfull \hbox (badness 10000) in paragraph at lines 38--38


Underfull \hbox (badness 10000) in paragraph at lines 38--38


Underfull \hbox (badness 10000) in paragraph at lines 38--38


Underfull \hbox (badness 10000) in paragraph at lines 38--38


Underfull \hbox (badness 10000) in paragraph at lines 38--38

[0{/var/lib/texmf/fonts/map/pdftex/updmap/pdftex.map}{/usr/share/texmf/fonts/en
c/dvips/cm-super/cm-super-t1.enc} <./logo.png>] (./main.toc) [1]
(/usr/share/texlive/texmf-dist/tex/latex/base/t1cmtt.fd)
Overfull \hbox (31.68082pt too wide) in paragraph at lines 50--119
\T1/cmtt/m/n/10 ma5>import /-home/-hamzeh-khanpour/-MG5_aMC_v3_6_6/-muLHC_DIS_t
qH_FCNC/-bin/-internal/-ufomodel 

Overfull \hbox (0.1885pt too wide) in paragraph at lines 50--119
\T1/cmtt/m/n/10 ma5>import /-home/-hamzeh-khanpour/-MG5_aMC_v3_6_6/-muLHC_DIS_t
qH_FCNC/-Events/-run_01/-

Overfull \hbox (73.67056pt too wide) in paragraph at lines 50--119
\T1/cmtt/m/n/10 ma5>submit /-home/-hamzeh-khanpour/-MG5_aMC_v3_6_6/-muLHC_DIS_t
qH_FCNC/-MA5_PARTON_ANALYSIS_analysis1 

Underfull \hbox (badness 10000) in paragraph at lines 50--119

[2{/usr/share/texmf/fonts/enc/dvips/cm-super/cm-super-ts1.enc}]
Underfull \hbox (badness 10000) in paragraph at lines 147--147
[]|\T1/cmr/m/n/10 muLHC_DIS_tqH_FCNC/-

Underfull \hbox (badness 10000) in paragraph at lines 147--147
\T1/cmr/m/n/10 Events/-run_01/-

Overfull \hbox (18.13213pt too wide) in paragraph at lines 143--150
 [] 
[3]
Overfull \hbox (55.33208pt too wide) in paragraph at lines 164--171
 [] 

Underfull \hbox (badness 10000) in paragraph at lines 161--172

[4]
Overfull \hbox (55.33208pt too wide) in paragraph at lines 180--187
 [] 

Underfull \hbox (badness 10000) in paragraph at lines 177--188

[5]
Overfull \hbox (55.33208pt too wide) in paragraph at lines 196--203
 [] 

Underfull \hbox (badness 10000) in paragraph at lines 193--204

[6]
Overfull \hbox (55.33208pt too wide) in paragraph at lines 212--219
 [] 

Underfull \hbox (badness 10000) in paragraph at lines 209--220

[7]
Overfull \hbox (55.33208pt too wide) in paragraph at lines 228--235
 [] 

Underfull \hbox (badness 10000) in paragraph at lines 225--236

[8]
Overfull \hbox (55.33208pt too wide) in paragraph at lines 244--251
 [] 

Underfull \hbox (badness 10000) in paragraph at lines 241--252

[9]
Overfull \hbox (55.33208pt too wide) in paragraph at lines 260--267
 [] 

Underfull \hbox (badness 10000) in paragraph at lines 257--268

[10]
Overfull \hbox (55.33208pt too wide) in paragraph at lines 276--283
 [] 

Underfull \hbox (badness 10000) in paragraph at lines 273--284

[11]
Overfull \hbox (55.33208pt too wide) in paragraph at lines 292--299
 [] 

Underfull \hbox (badness 10000) in paragraph at lines 289--300

[12]
Overfull \hbox (55.33208pt too wide) in paragraph at lines 308--315
 [] 

Underfull \hbox (badness 10000) in paragraph at lines 305--316

[13]
Overfull \hbox (55.33208pt too wide) in paragraph at lines 324--331
 [] 

Underfull \hbox (badness 10000) in paragraph at lines 321--332

[14]
Overfull \hbox (55.33208pt too wide) in paragraph at lines 340--347
 [] 

Underfull \hbox (badness 10000) in paragraph at lines 337--348

[15]
Overfull \hbox (55.33208pt too wide) in paragraph at lines 356--363
 [] 

Underfull \hbox (badness 10000) in paragraph at lines 353--364

[16]
Overfull \hbox (55.33208pt too wide) in paragraph at lines 372--379
 [] 

Underfull \hbox (badness 10000) in paragraph at lines 369--380

[17]
Overfull \hbox (55.33208pt too wide) in paragraph at lines 388--395
 [] 

Underfull \hbox (badness 10000) in paragraph at lines 385--396

[18]
Overfull \hbox (55.33208pt too wide) in paragraph at lines 404--411
 [] 

Underfull \hbox (badness 10000) in paragraph at lines 401--412

[19]
Overfull \hbox (55.33208pt too wide) in paragraph at lines 420--427
 [] 

Underfull \hbox (badness 10000) in paragraph at lines 417--428

[20]
Overfull \hbox (55.33208pt too wide) in paragraph at lines 436--443
 [] 

Underfull \hbox (badness 10000) in paragraph at lines 433--444

[21]
Overfull \hbox (55.33208pt too wide) in paragraph at lines 452--459
 [] 

Underfull \hbox (badness 10000) in paragraph at lines 449--460

[22]
Overfull \hbox (55.33208pt too wide) in paragraph at lines 468--475
 [] 

Underfull \hbox (badness 10000) in paragraph at lines 465--476

[23]
Overfull \hbox (55.33208pt too wide) in paragraph at lines 484--491
 [] 

Underfull \hbox (badness 10000) in paragraph at lines 481--492

[24]
Overfull \hbox (55.33208pt too wide) in paragraph at lines 500--507
 [] 

Underfull \hbox (badness 10000) in paragraph at lines 497--508

[25]
Overfull \hbox (55.33208pt too wide) in paragraph at lines 516--523
 [] 

Underfull \hbox (badness 10000) in paragraph at lines 513--524

[26]
Overfull \hbox (55.33208pt too wide) in paragraph at lines 532--539
 [] 

Underfull \hbox (badness 10000) in paragraph at lines 529--540

[27]
Overfull \hbox (55.33208pt too wide) in paragraph at lines 548--555
 [] 

Underfull \hbox (badness 10000) in paragraph at lines 545--556

[28]
Overfull \hbox (55.33208pt too wide) in paragraph at lines 564--571
 [] 

Underfull \hbox (badness 10000) in paragraph at lines 561--572

[29]
Overfull \hbox (55.33208pt too wide) in paragraph at lines 580--587
 [] 

Underfull \hbox (badness 10000) in paragraph at lines 577--588

[30]
Overfull \hbox (55.33208pt too wide) in paragraph at lines 596--603
 [] 

Underfull \hbox (badness 10000) in paragraph at lines 593--604

[31] (./main.aux) )
(see the transcript file for additional information)</usr/share/texlive/texmf-d
ist/fonts/type1/public/amsfonts/cm/cmr7.pfb></usr/share/texlive/texmf-dist/font
s/type1/public/amsfonts/cm/cmsy7.pfb></usr/share/texmf/fonts/type1/public/cm-su
per/sfbx1000.pfb></usr/share/texmf/fonts/type1/public/cm-super/sfbx1200.pfb></u
sr/share/texmf/fonts/type1/public/cm-super/sfcc1000.pfb></usr/share/texmf/fonts
/type1/public/cm-super/sfrm1000.pfb></usr/share/texmf/fonts/type1/public/cm-sup
er/sfsx1000.pfb></usr/share/texmf/fonts/type1/public/cm-super/sfsx1728.pfb></us
r/share/texmf/fonts/type1/public/cm-super/sfti1000.pfb></usr/share/texmf/fonts/
type1/public/cm-super/sftt1000.pfb>
Output written on main.pdf (32 pages, 243527 bytes).
Transcript written on main.log.
