This is pdfTeX, Version 3.141592653-2.6-1.40.25 (TeX Live 2023/Debian) (preloaded format=latex)
 restricted \write18 enabled.
entering extended mode
(./main.tex
LaTeX2e <2023-11-01> patch level 1
L3 programming layer <2024-01-22>
(/usr/share/texlive/texmf-dist/tex/latex/base/article.cls
Document Class: article 2023/05/17 v1.4n Standard LaTeX document class
(/usr/share/texlive/texmf-dist/tex/latex/base/size10.clo)) (./jheppub.sty
(/usr/share/texlive/texmf-dist/tex/latex/amsmath/amsmath.sty
For additional information on amsmath, use the `?' option.
(/usr/share/texlive/texmf-dist/tex/latex/amsmath/amstext.sty
(/usr/share/texlive/texmf-dist/tex/latex/amsmath/amsgen.sty))
(/usr/share/texlive/texmf-dist/tex/latex/amsmath/amsbsy.sty)
(/usr/share/texlive/texmf-dist/tex/latex/amsmath/amsopn.sty))
(/usr/share/texlive/texmf-dist/tex/latex/amsfonts/amssymb.sty
(/usr/share/texlive/texmf-dist/tex/latex/amsfonts/amsfonts.sty))
(/usr/share/texlive/texmf-dist/tex/latex/graphics/epsfig.sty
(/usr/share/texlive/texmf-dist/tex/latex/graphics/graphicx.sty
(/usr/share/texlive/texmf-dist/tex/latex/graphics/keyval.sty)
(/usr/share/texlive/texmf-dist/tex/latex/graphics/graphics.sty
(/usr/share/texlive/texmf-dist/tex/latex/graphics/trig.sty)
(/usr/share/texlive/texmf-dist/tex/latex/graphics-cfg/graphics.cfg)
(/usr/share/texlive/texmf-dist/tex/latex/graphics-def/dvips.def))))
(/usr/share/texlive/texmf-dist/tex/latex/natbib/natbib.sty)
(/usr/share/texlive/texmf-dist/tex/latex/graphics/color.sty
(/usr/share/texlive/texmf-dist/tex/latex/graphics-cfg/color.cfg)
(/usr/share/texlive/texmf-dist/tex/latex/graphics/dvipsnam.def)
(/usr/share/texlive/texmf-dist/tex/latex/graphics/mathcolor.ltx))
(/usr/share/texlive/texmf-dist/tex/latex/hyperref/hyperref.sty
(/usr/share/texlive/texmf-dist/tex/generic/iftex/iftex.sty)
(/usr/share/texlive/texmf-dist/tex/latex/kvsetkeys/kvsetkeys.sty)
(/usr/share/texlive/texmf-dist/tex/generic/kvdefinekeys/kvdefinekeys.sty)
(/usr/share/texlive/texmf-dist/tex/generic/pdfescape/pdfescape.sty
(/usr/share/texlive/texmf-dist/tex/generic/ltxcmds/ltxcmds.sty)
(/usr/share/texlive/texmf-dist/tex/generic/pdftexcmds/pdftexcmds.sty
(/usr/share/texlive/texmf-dist/tex/generic/infwarerr/infwarerr.sty)))
(/usr/share/texlive/texmf-dist/tex/latex/hycolor/hycolor.sty)
(/usr/share/texlive/texmf-dist/tex/latex/auxhook/auxhook.sty)
(/usr/share/texlive/texmf-dist/tex/latex/hyperref/nameref.sty
(/usr/share/texlive/texmf-dist/tex/latex/refcount/refcount.sty)
(/usr/share/texlive/texmf-dist/tex/generic/gettitlestring/gettitlestring.sty
(/usr/share/texlive/texmf-dist/tex/latex/kvoptions/kvoptions.sty)))
(/usr/share/texlive/texmf-dist/tex/latex/etoolbox/etoolbox.sty)
(/usr/share/texlive/texmf-dist/tex/latex/hyperref/pd1enc.def)
(/usr/share/texlive/texmf-dist/tex/generic/intcalc/intcalc.sty)
(/usr/share/texlive/texmf-dist/tex/latex/hyperref/puenc.def)

Package hyperref Warning: Option `pagecolor' is not available anymore.

(/usr/share/texlive/texmf-dist/tex/latex/url/url.sty)
(/usr/share/texlive/texmf-dist/tex/generic/bitset/bitset.sty
(/usr/share/texlive/texmf-dist/tex/generic/bigintcalc/bigintcalc.sty))
(/usr/share/texlive/texmf-dist/tex/latex/base/atbegshi-ltx.sty))
(/usr/share/texlive/texmf-dist/tex/latex/hyperref/hdvips.def
(/usr/share/texlive/texmf-dist/tex/latex/hyperref/pdfmark.def
(/usr/share/texlive/texmf-dist/tex/latex/rerunfilecheck/rerunfilecheck.sty
(/usr/share/texlive/texmf-dist/tex/latex/base/atveryend-ltx.sty)
(/usr/share/texlive/texmf-dist/tex/generic/uniquecounter/uniquecounter.sty))))
(/usr/share/texlive/texmf-dist/tex/latex/psnfss/ot1phv.fd))
(/usr/share/texlive/texmf-dist/tex/latex/base/fontenc.sty)
(/usr/share/texlive/texmf-dist/tex/latex/colortbl/colortbl.sty
(/usr/share/texlive/texmf-dist/tex/latex/tools/array.sty))
(/usr/share/texlive/texmf-dist/tex/latex/xcolor/xcolor.sty
(/usr/share/texlive/texmf-dist/tex/latex/graphics-cfg/color.cfg)
(/usr/share/texlive/texmf-dist/tex/latex/graphics/mathcolor.ltx))
(/usr/share/texlive/texmf-dist/tex/latex/float/float.sty)
(/usr/share/texlive/texmf-dist/tex/latex/l3backend/l3backend-dvips.def)
No file main.aux.

Package hyperref Warning: Rerun to get /PageLabels entry.

(/usr/share/texlive/texmf-dist/tex/latex/base/t1cmss.fd) <logo.eps>

Package JHEP Warning: E-mails are missing.
(JHEP)                Plese use \emailAdd macro to provide e-mails..

(/usr/share/texlive/texmf-dist/tex/latex/amsfonts/umsa.fd)
(/usr/share/texlive/texmf-dist/tex/latex/amsfonts/umsb.fd)
Underfull \hbox (badness 10000) in paragraph at lines 38--38


Underfull \hbox (badness 10000) in paragraph at lines 38--38


Underfull \hbox (badness 10000) in paragraph at lines 38--38


Underfull \hbox (badness 10000) in paragraph at lines 38--38


Underfull \hbox (badness 10000) in paragraph at lines 38--38

[0]
No file main.toc.
[1] (/usr/share/texlive/texmf-dist/tex/latex/base/t1cmtt.fd)
Overfull \hbox (31.68082pt too wide) in paragraph at lines 50--119
\T1/cmtt/m/n/10 ma5>import /-home/-hamzeh-khanpour/-MG5_aMC_v3_6_6/-muLHC_DIS_t
qH_FCNC/-bin/-internal/-ufomodel 

Overfull \hbox (0.1885pt too wide) in paragraph at lines 50--119
\T1/cmtt/m/n/10 ma5>import /-home/-hamzeh-khanpour/-MG5_aMC_v3_6_6/-muLHC_DIS_t
qH_FCNC/-Events/-run_01/-

Overfull \hbox (73.67056pt too wide) in paragraph at lines 50--119
\T1/cmtt/m/n/10 ma5>submit /-home/-hamzeh-khanpour/-MG5_aMC_v3_6_6/-muLHC_DIS_t
qH_FCNC/-MA5_PARTON_ANALYSIS_analysis1 

Underfull \hbox (badness 10000) in paragraph at lines 50--119

[2]
Underfull \hbox (badness 10000) in paragraph at lines 147--147
[]|\T1/cmr/m/n/10 muLHC_DIS_tqH_FCNC/-

Underfull \hbox (badness 10000) in paragraph at lines 147--147
\T1/cmr/m/n/10 Events/-run_01/-

Overfull \hbox (18.13213pt too wide) in paragraph at lines 143--150
 [] 
[3]
Overfull \hbox (55.33208pt too wide) in paragraph at lines 164--171
 [] 

Underfull \hbox (badness 10000) in paragraph at lines 161--172

<selection_0.eps> [4]
Overfull \hbox (55.33208pt too wide) in paragraph at lines 186--193
 [] 

Underfull \hbox (badness 10000) in paragraph at lines 183--194

<selection_1.eps> [5]
Overfull \hbox (55.33208pt too wide) in paragraph at lines 208--215
 [] 

Underfull \hbox (badness 10000) in paragraph at lines 205--216

<selection_2.eps> [6]
Overfull \hbox (55.33208pt too wide) in paragraph at lines 230--237
 [] 

Underfull \hbox (badness 10000) in paragraph at lines 227--238

<selection_3.eps> [7]
Overfull \hbox (55.33208pt too wide) in paragraph at lines 252--259
 [] 

Underfull \hbox (badness 10000) in paragraph at lines 249--260

<selection_4.eps> [8]
Overfull \hbox (55.33208pt too wide) in paragraph at lines 274--281
 [] 

Underfull \hbox (badness 10000) in paragraph at lines 271--282

<selection_5.eps> [9]
Overfull \hbox (55.33208pt too wide) in paragraph at lines 296--303
 [] 

Underfull \hbox (badness 10000) in paragraph at lines 293--304

<selection_6.eps> [10]
Overfull \hbox (55.33208pt too wide) in paragraph at lines 318--325
 [] 

Underfull \hbox (badness 10000) in paragraph at lines 315--326

<selection_7.eps> [11]
Overfull \hbox (55.33208pt too wide) in paragraph at lines 340--347
 [] 

Underfull \hbox (badness 10000) in paragraph at lines 337--348

<selection_8.eps> [12]
Overfull \hbox (55.33208pt too wide) in paragraph at lines 362--369
 [] 

Underfull \hbox (badness 10000) in paragraph at lines 359--370

<selection_9.eps> [13]
Overfull \hbox (55.33208pt too wide) in paragraph at lines 384--391
 [] 

Underfull \hbox (badness 10000) in paragraph at lines 381--392

<selection_10.eps> [14]
Overfull \hbox (55.33208pt too wide) in paragraph at lines 406--413
 [] 

Underfull \hbox (badness 10000) in paragraph at lines 403--414

<selection_11.eps> [15]
Overfull \hbox (55.33208pt too wide) in paragraph at lines 428--435
 [] 

Underfull \hbox (badness 10000) in paragraph at lines 425--436

<selection_12.eps> [16]
Overfull \hbox (55.33208pt too wide) in paragraph at lines 450--457
 [] 

Underfull \hbox (badness 10000) in paragraph at lines 447--458

<selection_13.eps> [17]
Overfull \hbox (55.33208pt too wide) in paragraph at lines 472--479
 [] 

Underfull \hbox (badness 10000) in paragraph at lines 469--480

<selection_14.eps> [18]
Overfull \hbox (55.33208pt too wide) in paragraph at lines 494--501
 [] 

Underfull \hbox (badness 10000) in paragraph at lines 491--502

<selection_15.eps> [19]
Overfull \hbox (55.33208pt too wide) in paragraph at lines 516--523
 [] 

Underfull \hbox (badness 10000) in paragraph at lines 513--524

<selection_16.eps> [20]
Overfull \hbox (55.33208pt too wide) in paragraph at lines 538--545
 [] 

Underfull \hbox (badness 10000) in paragraph at lines 535--546

<selection_17.eps> [21]
Overfull \hbox (55.33208pt too wide) in paragraph at lines 560--567
 [] 

Underfull \hbox (badness 10000) in paragraph at lines 557--568

<selection_18.eps> [22]
Overfull \hbox (55.33208pt too wide) in paragraph at lines 582--589
 [] 

Underfull \hbox (badness 10000) in paragraph at lines 579--590

<selection_19.eps> [23]
Overfull \hbox (55.33208pt too wide) in paragraph at lines 604--611
 [] 

Underfull \hbox (badness 10000) in paragraph at lines 601--612

<selection_20.eps> [24]
Overfull \hbox (55.33208pt too wide) in paragraph at lines 626--633
 [] 

Underfull \hbox (badness 10000) in paragraph at lines 623--634

<selection_21.eps> [25]
Overfull \hbox (55.33208pt too wide) in paragraph at lines 648--655
 [] 

Underfull \hbox (badness 10000) in paragraph at lines 645--656

<selection_22.eps> [26]
Overfull \hbox (55.33208pt too wide) in paragraph at lines 670--677
 [] 

Underfull \hbox (badness 10000) in paragraph at lines 667--678

<selection_23.eps> [27]
Overfull \hbox (55.33208pt too wide) in paragraph at lines 692--699
 [] 

Underfull \hbox (badness 10000) in paragraph at lines 689--700

<selection_24.eps> [28]
Overfull \hbox (55.33208pt too wide) in paragraph at lines 714--721
 [] 

Underfull \hbox (badness 10000) in paragraph at lines 711--722

<selection_25.eps> [29]
Overfull \hbox (55.33208pt too wide) in paragraph at lines 736--743
 [] 

Underfull \hbox (badness 10000) in paragraph at lines 733--744

<selection_26.eps> [30]
Overfull \hbox (55.33208pt too wide) in paragraph at lines 758--765
 [] 

Underfull \hbox (badness 10000) in paragraph at lines 755--766

<selection_27.eps> [31] (./main.aux)

Package rerunfilecheck Warning: File `main.out' has changed.
(rerunfilecheck)                Rerun to get outlines right
(rerunfilecheck)                or use package `bookmark'.

 )
(see the transcript file for additional information)
Output written on main.dvi (32 pages, 88764 bytes).
Transcript written on main.log.
This is pdfTeX, Version 3.141592653-2.6-1.40.25 (TeX Live 2023/Debian) (preloaded format=latex)
 restricted \write18 enabled.
entering extended mode
(./main.tex
LaTeX2e <2023-11-01> patch level 1
L3 programming layer <2024-01-22>
(/usr/share/texlive/texmf-dist/tex/latex/base/article.cls
Document Class: article 2023/05/17 v1.4n Standard LaTeX document class
(/usr/share/texlive/texmf-dist/tex/latex/base/size10.clo)) (./jheppub.sty
(/usr/share/texlive/texmf-dist/tex/latex/amsmath/amsmath.sty
For additional information on amsmath, use the `?' option.
(/usr/share/texlive/texmf-dist/tex/latex/amsmath/amstext.sty
(/usr/share/texlive/texmf-dist/tex/latex/amsmath/amsgen.sty))
(/usr/share/texlive/texmf-dist/tex/latex/amsmath/amsbsy.sty)
(/usr/share/texlive/texmf-dist/tex/latex/amsmath/amsopn.sty))
(/usr/share/texlive/texmf-dist/tex/latex/amsfonts/amssymb.sty
(/usr/share/texlive/texmf-dist/tex/latex/amsfonts/amsfonts.sty))
(/usr/share/texlive/texmf-dist/tex/latex/graphics/epsfig.sty
(/usr/share/texlive/texmf-dist/tex/latex/graphics/graphicx.sty
(/usr/share/texlive/texmf-dist/tex/latex/graphics/keyval.sty)
(/usr/share/texlive/texmf-dist/tex/latex/graphics/graphics.sty
(/usr/share/texlive/texmf-dist/tex/latex/graphics/trig.sty)
(/usr/share/texlive/texmf-dist/tex/latex/graphics-cfg/graphics.cfg)
(/usr/share/texlive/texmf-dist/tex/latex/graphics-def/dvips.def))))
(/usr/share/texlive/texmf-dist/tex/latex/natbib/natbib.sty)
(/usr/share/texlive/texmf-dist/tex/latex/graphics/color.sty
(/usr/share/texlive/texmf-dist/tex/latex/graphics-cfg/color.cfg)
(/usr/share/texlive/texmf-dist/tex/latex/graphics/dvipsnam.def)
(/usr/share/texlive/texmf-dist/tex/latex/graphics/mathcolor.ltx))
(/usr/share/texlive/texmf-dist/tex/latex/hyperref/hyperref.sty
(/usr/share/texlive/texmf-dist/tex/generic/iftex/iftex.sty)
(/usr/share/texlive/texmf-dist/tex/latex/kvsetkeys/kvsetkeys.sty)
(/usr/share/texlive/texmf-dist/tex/generic/kvdefinekeys/kvdefinekeys.sty)
(/usr/share/texlive/texmf-dist/tex/generic/pdfescape/pdfescape.sty
(/usr/share/texlive/texmf-dist/tex/generic/ltxcmds/ltxcmds.sty)
(/usr/share/texlive/texmf-dist/tex/generic/pdftexcmds/pdftexcmds.sty
(/usr/share/texlive/texmf-dist/tex/generic/infwarerr/infwarerr.sty)))
(/usr/share/texlive/texmf-dist/tex/latex/hycolor/hycolor.sty)
(/usr/share/texlive/texmf-dist/tex/latex/auxhook/auxhook.sty)
(/usr/share/texlive/texmf-dist/tex/latex/hyperref/nameref.sty
(/usr/share/texlive/texmf-dist/tex/latex/refcount/refcount.sty)
(/usr/share/texlive/texmf-dist/tex/generic/gettitlestring/gettitlestring.sty
(/usr/share/texlive/texmf-dist/tex/latex/kvoptions/kvoptions.sty)))
(/usr/share/texlive/texmf-dist/tex/latex/etoolbox/etoolbox.sty)
(/usr/share/texlive/texmf-dist/tex/latex/hyperref/pd1enc.def)
(/usr/share/texlive/texmf-dist/tex/generic/intcalc/intcalc.sty)
(/usr/share/texlive/texmf-dist/tex/latex/hyperref/puenc.def)

Package hyperref Warning: Option `pagecolor' is not available anymore.

(/usr/share/texlive/texmf-dist/tex/latex/url/url.sty)
(/usr/share/texlive/texmf-dist/tex/generic/bitset/bitset.sty
(/usr/share/texlive/texmf-dist/tex/generic/bigintcalc/bigintcalc.sty))
(/usr/share/texlive/texmf-dist/tex/latex/base/atbegshi-ltx.sty))
(/usr/share/texlive/texmf-dist/tex/latex/hyperref/hdvips.def
(/usr/share/texlive/texmf-dist/tex/latex/hyperref/pdfmark.def
(/usr/share/texlive/texmf-dist/tex/latex/rerunfilecheck/rerunfilecheck.sty
(/usr/share/texlive/texmf-dist/tex/latex/base/atveryend-ltx.sty)
(/usr/share/texlive/texmf-dist/tex/generic/uniquecounter/uniquecounter.sty))))
(/usr/share/texlive/texmf-dist/tex/latex/psnfss/ot1phv.fd))
(/usr/share/texlive/texmf-dist/tex/latex/base/fontenc.sty)
(/usr/share/texlive/texmf-dist/tex/latex/colortbl/colortbl.sty
(/usr/share/texlive/texmf-dist/tex/latex/tools/array.sty))
(/usr/share/texlive/texmf-dist/tex/latex/xcolor/xcolor.sty
(/usr/share/texlive/texmf-dist/tex/latex/graphics-cfg/color.cfg)
(/usr/share/texlive/texmf-dist/tex/latex/graphics/mathcolor.ltx))
(/usr/share/texlive/texmf-dist/tex/latex/float/float.sty)
(/usr/share/texlive/texmf-dist/tex/latex/l3backend/l3backend-dvips.def)
(./main.aux) (./main.out) (./main.out)
(/usr/share/texlive/texmf-dist/tex/latex/base/t1cmss.fd) <logo.eps>

Package JHEP Warning: E-mails are missing.
(JHEP)                Plese use \emailAdd macro to provide e-mails..

(/usr/share/texlive/texmf-dist/tex/latex/amsfonts/umsa.fd)
(/usr/share/texlive/texmf-dist/tex/latex/amsfonts/umsb.fd)
Underfull \hbox (badness 10000) in paragraph at lines 38--38


Underfull \hbox (badness 10000) in paragraph at lines 38--38


Underfull \hbox (badness 10000) in paragraph at lines 38--38


Underfull \hbox (badness 10000) in paragraph at lines 38--38


Underfull \hbox (badness 10000) in paragraph at lines 38--38

[0] (./main.toc) [1] (/usr/share/texlive/texmf-dist/tex/latex/base/t1cmtt.fd)
Overfull \hbox (31.68082pt too wide) in paragraph at lines 50--119
\T1/cmtt/m/n/10 ma5>import /-home/-hamzeh-khanpour/-MG5_aMC_v3_6_6/-muLHC_DIS_t
qH_FCNC/-bin/-internal/-ufomodel 

Overfull \hbox (0.1885pt too wide) in paragraph at lines 50--119
\T1/cmtt/m/n/10 ma5>import /-home/-hamzeh-khanpour/-MG5_aMC_v3_6_6/-muLHC_DIS_t
qH_FCNC/-Events/-run_01/-

Overfull \hbox (73.67056pt too wide) in paragraph at lines 50--119
\T1/cmtt/m/n/10 ma5>submit /-home/-hamzeh-khanpour/-MG5_aMC_v3_6_6/-muLHC_DIS_t
qH_FCNC/-MA5_PARTON_ANALYSIS_analysis1 

Underfull \hbox (badness 10000) in paragraph at lines 50--119

[2]
Underfull \hbox (badness 10000) in paragraph at lines 147--147
[]|\T1/cmr/m/n/10 muLHC_DIS_tqH_FCNC/-

Underfull \hbox (badness 10000) in paragraph at lines 147--147
\T1/cmr/m/n/10 Events/-run_01/-

Overfull \hbox (18.13213pt too wide) in paragraph at lines 143--150
 [] 
[3]
Overfull \hbox (55.33208pt too wide) in paragraph at lines 164--171
 [] 

Underfull \hbox (badness 10000) in paragraph at lines 161--172

<selection_0.eps> [4]
Overfull \hbox (55.33208pt too wide) in paragraph at lines 186--193
 [] 

Underfull \hbox (badness 10000) in paragraph at lines 183--194

<selection_1.eps> [5]
Overfull \hbox (55.33208pt too wide) in paragraph at lines 208--215
 [] 

Underfull \hbox (badness 10000) in paragraph at lines 205--216

<selection_2.eps> [6]
Overfull \hbox (55.33208pt too wide) in paragraph at lines 230--237
 [] 

Underfull \hbox (badness 10000) in paragraph at lines 227--238

<selection_3.eps> [7]
Overfull \hbox (55.33208pt too wide) in paragraph at lines 252--259
 [] 

Underfull \hbox (badness 10000) in paragraph at lines 249--260

<selection_4.eps> [8]
Overfull \hbox (55.33208pt too wide) in paragraph at lines 274--281
 [] 

Underfull \hbox (badness 10000) in paragraph at lines 271--282

<selection_5.eps> [9]
Overfull \hbox (55.33208pt too wide) in paragraph at lines 296--303
 [] 

Underfull \hbox (badness 10000) in paragraph at lines 293--304

<selection_6.eps> [10]
Overfull \hbox (55.33208pt too wide) in paragraph at lines 318--325
 [] 

Underfull \hbox (badness 10000) in paragraph at lines 315--326

<selection_7.eps> [11]
Overfull \hbox (55.33208pt too wide) in paragraph at lines 340--347
 [] 

Underfull \hbox (badness 10000) in paragraph at lines 337--348

<selection_8.eps> [12]
Overfull \hbox (55.33208pt too wide) in paragraph at lines 362--369
 [] 

Underfull \hbox (badness 10000) in paragraph at lines 359--370

<selection_9.eps> [13]
Overfull \hbox (55.33208pt too wide) in paragraph at lines 384--391
 [] 

Underfull \hbox (badness 10000) in paragraph at lines 381--392

<selection_10.eps> [14]
Overfull \hbox (55.33208pt too wide) in paragraph at lines 406--413
 [] 

Underfull \hbox (badness 10000) in paragraph at lines 403--414

<selection_11.eps> [15]
Overfull \hbox (55.33208pt too wide) in paragraph at lines 428--435
 [] 

Underfull \hbox (badness 10000) in paragraph at lines 425--436

<selection_12.eps> [16]
Overfull \hbox (55.33208pt too wide) in paragraph at lines 450--457
 [] 

Underfull \hbox (badness 10000) in paragraph at lines 447--458

<selection_13.eps> [17]
Overfull \hbox (55.33208pt too wide) in paragraph at lines 472--479
 [] 

Underfull \hbox (badness 10000) in paragraph at lines 469--480

<selection_14.eps> [18]
Overfull \hbox (55.33208pt too wide) in paragraph at lines 494--501
 [] 

Underfull \hbox (badness 10000) in paragraph at lines 491--502

<selection_15.eps> [19]
Overfull \hbox (55.33208pt too wide) in paragraph at lines 516--523
 [] 

Underfull \hbox (badness 10000) in paragraph at lines 513--524

<selection_16.eps> [20]
Overfull \hbox (55.33208pt too wide) in paragraph at lines 538--545
 [] 

Underfull \hbox (badness 10000) in paragraph at lines 535--546

<selection_17.eps> [21]
Overfull \hbox (55.33208pt too wide) in paragraph at lines 560--567
 [] 

Underfull \hbox (badness 10000) in paragraph at lines 557--568

<selection_18.eps> [22]
Overfull \hbox (55.33208pt too wide) in paragraph at lines 582--589
 [] 

Underfull \hbox (badness 10000) in paragraph at lines 579--590

<selection_19.eps> [23]
Overfull \hbox (55.33208pt too wide) in paragraph at lines 604--611
 [] 

Underfull \hbox (badness 10000) in paragraph at lines 601--612

<selection_20.eps> [24]
Overfull \hbox (55.33208pt too wide) in paragraph at lines 626--633
 [] 

Underfull \hbox (badness 10000) in paragraph at lines 623--634

<selection_21.eps> [25]
Overfull \hbox (55.33208pt too wide) in paragraph at lines 648--655
 [] 

Underfull \hbox (badness 10000) in paragraph at lines 645--656

<selection_22.eps> [26]
Overfull \hbox (55.33208pt too wide) in paragraph at lines 670--677
 [] 

Underfull \hbox (badness 10000) in paragraph at lines 667--678

<selection_23.eps> [27]
Overfull \hbox (55.33208pt too wide) in paragraph at lines 692--699
 [] 

Underfull \hbox (badness 10000) in paragraph at lines 689--700

<selection_24.eps> [28]
Overfull \hbox (55.33208pt too wide) in paragraph at lines 714--721
 [] 

Underfull \hbox (badness 10000) in paragraph at lines 711--722

<selection_25.eps> [29]
Overfull \hbox (55.33208pt too wide) in paragraph at lines 736--743
 [] 

Underfull \hbox (badness 10000) in paragraph at lines 733--744

<selection_26.eps> [30]
Overfull \hbox (55.33208pt too wide) in paragraph at lines 758--765
 [] 

Underfull \hbox (badness 10000) in paragraph at lines 755--766

<selection_27.eps> [31] (./main.aux) )
(see the transcript file for additional information)
Output written on main.dvi (32 pages, 104076 bytes).
Transcript written on main.log.
